#
# There is insufficient memory for the Java Runtime Environment to continue.
# Native memory allocation (malloc) failed to allocate 32744 bytes for ChunkPool::allocate
# Possible reasons:
#   The system is out of physical RAM or swap space
#   The process is running with CompressedOops enabled, and the Java Heap may be blocking the growth of the native heap
# Possible solutions:
#   Reduce memory load on the system
#   Increase physical memory or swap space
#   Check if swap backing store is full
#   Decrease Java heap size (-Xmx/-Xms)
#   Decrease number of Java threads
#   Decrease Java thread stack sizes (-Xss)
#   Set larger code cache with -XX:ReservedCodeCacheSize=
#   JVM is running with Unscaled Compressed Oops mode in which the Java heap is
#     placed in the first 4GB address space. The Java Heap base address is the
#     maximum limit for the native heap growth. Please use -XX:HeapBaseMinAddress
#     to set the Java Heap base and to place the Java Heap above 4GB virtual address.
# This output file may be truncated or incomplete.
#
#  Out of Memory Error (allocation.cpp:272), pid=17028, tid=0x0000000000001888
#
# JRE version: OpenJDK Runtime Environment (8.0_292-b10) (build 1.8.0_292-b10)
# Java VM: OpenJDK 64-Bit Server VM (25.292-b10 mixed mode windows-amd64 compressed oops)
# Failed to write core dump. Minidumps are not enabled by default on client versions of Windows
#

---------------  T H R E A D  ---------------

Current thread (0x0000000015b0c800):  JavaThread "C2 CompilerThread2" daemon [_thread_in_native, id=6280, stack(0x00000000165d0000,0x00000000166d0000)]

Stack: [0x00000000165d0000,0x00000000166d0000]
[error occurred during error reporting (printing stack bounds), id 0xc0000005]

Native frames: (J=compiled Java code, j=interpreted, Vv=VM code, C=native code)


Current CompileTask:
C2: 112316 3123       4       org.gradle.internal.service.DefaultServiceRegistry$OwnServices::getService (309 bytes)


---------------  P R O C E S S  ---------------

Java Threads: ( => current thread )
  0x000000001db50000 JavaThread "jar transforms Thread 2" [_thread_blocked, id=10120, stack(0x000000001ce90000,0x000000001cf90000)]
  0x000000001db53000 JavaThread "Cache worker for cache directory md-rule (C:\Users\korop\.gradle\caches\6.7\md-rule)" [_thread_blocked, id=23260, stack(0x000000001cd90000,0x000000001ce90000)]
  0x000000001db46800 JavaThread "Cache worker for cache directory md-supplier (C:\Users\korop\.gradle\caches\6.7\md-supplier)" [_thread_blocked, id=23404, stack(0x000000001a5f0000,0x000000001a6f0000)]
  0x000000001db4d000 JavaThread "Cache worker for checksums cache (D:\DIMA_Projects\React Native\Paintgram_client\android\.gradle\checksums)" [_thread_blocked, id=17212, stack(0x000000001a4f0000,0x000000001a5f0000)]
  0x000000001db4c000 JavaThread "Cache worker for file hash cache (D:\DIMA_Projects\React Native\Paintgram_client\android\.gradle\6.7\fileHashes)" [_thread_blocked, id=22140, stack(0x000000001a3f0000,0x000000001a4f0000)]
  0x000000001db4a800 JavaThread "Thread-26" [_thread_blocked, id=10692, stack(0x000000001a2f0000,0x000000001a3f0000)]
  0x000000001db46000 JavaThread "Stdin handler" [_thread_blocked, id=7992, stack(0x000000001a0f0000,0x000000001a1f0000)]
  0x000000001db44800 JavaThread "Asynchronous log dispatcher for DefaultDaemonConnection: socket connection from /127.0.0.1:63235 to /127.0.0.1:62283" [_thread_blocked, id=14604, stack(0x0000000019ff0000,0x000000001a0f0000)]
  0x000000001db47800 JavaThread "Daemon worker Thread 2" [_thread_in_vm, id=19040, stack(0x0000000019cf0000,0x0000000019df0000)]
  0x000000001db45000 JavaThread "Cancel handler" [_thread_blocked, id=7996, stack(0x0000000000810000,0x0000000000910000)]
  0x000000001db4a000 JavaThread "Handler for socket connection from /127.0.0.1:63235 to /127.0.0.1:62283" [_thread_in_native, id=14996, stack(0x0000000000710000,0x0000000000810000)]
  0x000000001db48000 JavaThread "Daemon Thread 2" [_thread_blocked, id=15948, stack(0x0000000000610000,0x0000000000710000)]
  0x0000000016a95800 JavaThread "Cache worker for file content cache (C:\Users\korop\.gradle\caches\6.7\fileContent)" [_thread_blocked, id=23432, stack(0x000000001ee30000,0x000000001ef30000)]
  0x0000000016a93000 JavaThread "Cache worker for execution history cache (C:\Users\korop\.gradle\caches\6.7\executionHistory)" [_thread_blocked, id=23080, stack(0x000000001e4d0000,0x000000001e5d0000)]
  0x0000000016a94800 JavaThread "Cache worker for journal cache (C:\Users\korop\.gradle\caches\journal-1)" [_thread_blocked, id=20776, stack(0x000000001aaf0000,0x000000001abf0000)]
  0x0000000016a98000 JavaThread "File lock request listener" [_thread_in_native, id=10336, stack(0x000000001a9f0000,0x000000001aaf0000)]
  0x0000000016a96800 JavaThread "Cache worker for file hash cache (C:\Users\korop\.gradle\caches\6.7\fileHashes)" [_thread_blocked, id=13856, stack(0x000000001a8f0000,0x000000001a9f0000)]
  0x0000000018732800 JavaThread "Daemon periodic checks" [_thread_blocked, id=10144, stack(0x0000000019bf0000,0x0000000019cf0000)]
  0x00000000186d0800 JavaThread "Incoming local TCP Connector on port 63235" [_thread_in_native, id=11832, stack(0x00000000199b0000,0x0000000019ab0000)]
  0x0000000018617000 JavaThread "Daemon health stats" [_thread_blocked, id=16016, stack(0x0000000019170000,0x0000000019270000)]
  0x0000000015b99000 JavaThread "Service Thread" daemon [_thread_blocked, id=2404, stack(0x00000000167d0000,0x00000000168d0000)]
  0x0000000015b14800 JavaThread "C1 CompilerThread3" daemon [_thread_blocked, id=15836, stack(0x00000000166d0000,0x00000000167d0000)]
=>0x0000000015b0c800 JavaThread "C2 CompilerThread2" daemon [_thread_in_native, id=6280, stack(0x00000000165d0000,0x00000000166d0000)]
  0x0000000015b0a800 JavaThread "C2 CompilerThread1" daemon [_thread_in_native, id=22208, stack(0x00000000164d0000,0x00000000165d0000)]
  0x0000000015b0e800 JavaThread "C2 CompilerThread0" daemon [_thread_in_native, id=7560, stack(0x00000000163d0000,0x00000000164d0000)]
  0x0000000015b02800 JavaThread "Attach Listener" daemon [_thread_blocked, id=6736, stack(0x00000000162d0000,0x00000000163d0000)]
  0x0000000015b01000 JavaThread "Signal Dispatcher" daemon [_thread_blocked, id=13944, stack(0x00000000161d0000,0x00000000162d0000)]
  0x000000000249b800 JavaThread "Finalizer" daemon [_thread_blocked, id=10072, stack(0x0000000015fd0000,0x00000000160d0000)]
  0x0000000015af0800 JavaThread "Reference Handler" daemon [_thread_blocked, id=4580, stack(0x0000000015ed0000,0x0000000015fd0000)]
  0x00000000023a3000 JavaThread "main" [_thread_blocked, id=12092, stack(0x00000000022a0000,0x00000000023a0000)]

Other Threads:
  0x0000000013d08000 VMThread [stack: 0x00000000159d0000,0x0000000015ad0000] [id=1216]
  0x0000000015b9b800 WatcherThread [stack: 0x00000000168d0000,0x00000000169d0000] [id=11344]

VM state:not at safepoint (normal execution)

VM Mutex/Monitor currently owned by a thread: None

heap address: 0x00000000e0000000, size: 512 MB, Compressed Oops mode: 32-bit
Narrow klass base: 0x0000000000000000, Narrow klass shift: 3
Compressed class space size: 1073741824 Address: 0x0000000100000000

Heap:
 PSYoungGen      total 141824K, used 23918K [0x00000000f5580000, 0x00000000fea80000, 0x0000000100000000)
  eden space 131072K, 10% used [0x00000000f5580000,0x00000000f625f9f8,0x00000000fd580000)
  from space 10752K, 99% used [0x00000000fd580000,0x00000000fdffc050,0x00000000fe000000)
  to   space 10752K, 0% used [0x00000000fe000000,0x00000000fe000000,0x00000000fea80000)
 ParOldGen       total 175104K, used 12309K [0x00000000e0000000, 0x00000000eab00000, 0x00000000f5580000)
  object space 175104K, 7% used [0x00000000e0000000,0x00000000e0c05578,0x00000000eab00000)
 Metaspace       used 33106K, capacity 34282K, committed 34432K, reserved 1079296K
  class space    used 4626K, capacity 4915K, committed 4992K, reserved 1048576K

Card table byte_map: [0x0000000011860000,0x0000000011970000] byte_map_base: 0x0000000011160000

Marking Bits: (ParMarkBitMap*) 0x0000000070523420
 Begin Bits: [0x0000000012220000, 0x0000000012a20000)
 End Bits:   [0x0000000012a20000, 0x0000000013220000)

Polling page: 0x00000000009a0000

CodeCache: size=245760Kb used=11288Kb max_used=11288Kb free=234472Kb
 bounds [0x00000000024a0000, 0x0000000002fb0000, 0x00000000114a0000]
 total_blobs=3800 nmethods=3096 adapters=616
 compilation: enabled

Compilation events (10 events):
Event: 112.312 Thread 0x0000000015b14800 nmethod 3128 0x00000000025c7810 code [0x00000000025c7980, 0x00000000025c7cd0]
Event: 112.312 Thread 0x0000000015b14800 3132       3       org.gradle.internal.service.DefaultServiceRegistry$1::add (24 bytes)
Event: 112.312 Thread 0x0000000015b14800 nmethod 3132 0x00000000025c7210 code [0x00000000025c73a0, 0x00000000025c7678]
Event: 112.312 Thread 0x0000000015b14800 3134       3       org.gradle.internal.service.DefaultServiceRegistry::findProviderMethods (203 bytes)
Event: 112.314 Thread 0x0000000015b14800 nmethod 3134 0x0000000002faac90 code [0x0000000002fab160, 0x0000000002fade98]
Event: 112.314 Thread 0x0000000015b14800 3135       1       org.gradle.internal.Cast::uncheckedNonnullCast (2 bytes)
Event: 112.314 Thread 0x0000000015b14800 nmethod 3135 0x00000000025c3410 code [0x00000000025c3560, 0x00000000025c3650]
Event: 112.314 Thread 0x0000000015b14800 3133       3       org.gradle.internal.service.DefaultServiceRegistry$ConstructorService::<init> (7 bytes)
Event: 112.314 Thread 0x0000000015b14800 nmethod 3133 0x000000000261efd0 code [0x000000000261f140, 0x000000000261f2c8]
Event: 112.316 Thread 0x0000000015b14800 3137       3       com.google.common.collect.ImmutableMap$Builder::put (17 bytes)

GC Heap History (10 events):
Event: 1.747 GC heap before
{Heap before GC invocations=2 (full 0):
 PSYoungGen      total 76288K, used 71405K [0x00000000f5580000, 0x00000000faa80000, 0x0000000100000000)
  eden space 65536K, 100% used [0x00000000f5580000,0x00000000f9580000,0x00000000f9580000)
  from space 10752K, 54% used [0x00000000f9580000,0x00000000f9b3b5a8,0x00000000fa000000)
  to   space 10752K, 0% used [0x00000000fa000000,0x00000000fa000000,0x00000000faa80000)
 ParOldGen       total 175104K, used 16K [0x00000000e0000000, 0x00000000eab00000, 0x00000000f5580000)
  object space 175104K, 0% used [0x00000000e0000000,0x00000000e0004000,0x00000000eab00000)
 Metaspace       used 13904K, capacity 14316K, committed 14464K, reserved 1060864K
  class space    used 1962K, capacity 2102K, committed 2176K, reserved 1048576K
Event: 1.754 GC heap after
Heap after GC invocations=2 (full 0):
 PSYoungGen      total 76288K, used 9146K [0x00000000f5580000, 0x00000000faa80000, 0x0000000100000000)
  eden space 65536K, 0% used [0x00000000f5580000,0x00000000f5580000,0x00000000f9580000)
  from space 10752K, 85% used [0x00000000fa000000,0x00000000fa8eeb70,0x00000000faa80000)
  to   space 10752K, 0% used [0x00000000f9580000,0x00000000f9580000,0x00000000fa000000)
 ParOldGen       total 175104K, used 24K [0x00000000e0000000, 0x00000000eab00000, 0x00000000f5580000)
  object space 175104K, 0% used [0x00000000e0000000,0x00000000e0006000,0x00000000eab00000)
 Metaspace       used 13904K, capacity 14316K, committed 14464K, reserved 1060864K
  class space    used 1962K, capacity 2102K, committed 2176K, reserved 1048576K
}
Event: 2.220 GC heap before
{Heap before GC invocations=3 (full 0):
 PSYoungGen      total 76288K, used 74682K [0x00000000f5580000, 0x00000000faa80000, 0x0000000100000000)
  eden space 65536K, 100% used [0x00000000f5580000,0x00000000f9580000,0x00000000f9580000)
  from space 10752K, 85% used [0x00000000fa000000,0x00000000fa8eeb70,0x00000000faa80000)
  to   space 10752K, 0% used [0x00000000f9580000,0x00000000f9580000,0x00000000fa000000)
 ParOldGen       total 175104K, used 24K [0x00000000e0000000, 0x00000000eab00000, 0x00000000f5580000)
  object space 175104K, 0% used [0x00000000e0000000,0x00000000e0006000,0x00000000eab00000)
 Metaspace       used 19126K, capacity 19766K, committed 19968K, reserved 1067008K
  class space    used 2773K, capacity 2967K, committed 3072K, reserved 1048576K
Event: 2.230 GC heap after
Heap after GC invocations=3 (full 0):
 PSYoungGen      total 76288K, used 10735K [0x00000000f5580000, 0x00000000fea80000, 0x0000000100000000)
  eden space 65536K, 0% used [0x00000000f5580000,0x00000000f5580000,0x00000000f9580000)
  from space 10752K, 99% used [0x00000000f9580000,0x00000000f9ffbe88,0x00000000fa000000)
  to   space 10752K, 0% used [0x00000000fe000000,0x00000000fe000000,0x00000000fea80000)
 ParOldGen       total 175104K, used 695K [0x00000000e0000000, 0x00000000eab00000, 0x00000000f5580000)
  object space 175104K, 0% used [0x00000000e0000000,0x00000000e00adfa0,0x00000000eab00000)
 Metaspace       used 19126K, capacity 19766K, committed 19968K, reserved 1067008K
  class space    used 2773K, capacity 2967K, committed 3072K, reserved 1048576K
}
Event: 2.395 GC heap before
{Heap before GC invocations=4 (full 0):
 PSYoungGen      total 76288K, used 32195K [0x00000000f5580000, 0x00000000fea80000, 0x0000000100000000)
  eden space 65536K, 32% used [0x00000000f5580000,0x00000000f6a74e40,0x00000000f9580000)
  from space 10752K, 99% used [0x00000000f9580000,0x00000000f9ffbe88,0x00000000fa000000)
  to   space 10752K, 0% used [0x00000000fe000000,0x00000000fe000000,0x00000000fea80000)
 ParOldGen       total 175104K, used 695K [0x00000000e0000000, 0x00000000eab00000, 0x00000000f5580000)
  object space 175104K, 0% used [0x00000000e0000000,0x00000000e00adfa0,0x00000000eab00000)
 Metaspace       used 20498K, capacity 21114K, committed 21296K, reserved 1067008K
  class space    used 3004K, capacity 3175K, committed 3200K, reserved 1048576K
Event: 2.402 GC heap after
Heap after GC invocations=4 (full 0):
 PSYoungGen      total 141824K, used 8430K [0x00000000f5580000, 0x00000000fea80000, 0x0000000100000000)
  eden space 131072K, 0% used [0x00000000f5580000,0x00000000f5580000,0x00000000fd580000)
  from space 10752K, 78% used [0x00000000fe000000,0x00000000fe83b9e8,0x00000000fea80000)
  to   space 10752K, 0% used [0x00000000fd580000,0x00000000fd580000,0x00000000fe000000)
 ParOldGen       total 175104K, used 703K [0x00000000e0000000, 0x00000000eab00000, 0x00000000f5580000)
  object space 175104K, 0% used [0x00000000e0000000,0x00000000e00affa0,0x00000000eab00000)
 Metaspace       used 20498K, capacity 21114K, committed 21296K, reserved 1067008K
  class space    used 3004K, capacity 3175K, committed 3200K, reserved 1048576K
}
Event: 2.402 GC heap before
{Heap before GC invocations=5 (full 1):
 PSYoungGen      total 141824K, used 8430K [0x00000000f5580000, 0x00000000fea80000, 0x0000000100000000)
  eden space 131072K, 0% used [0x00000000f5580000,0x00000000f5580000,0x00000000fd580000)
  from space 10752K, 78% used [0x00000000fe000000,0x00000000fe83b9e8,0x00000000fea80000)
  to   space 10752K, 0% used [0x00000000fd580000,0x00000000fd580000,0x00000000fe000000)
 ParOldGen       total 175104K, used 703K [0x00000000e0000000, 0x00000000eab00000, 0x00000000f5580000)
  object space 175104K, 0% used [0x00000000e0000000,0x00000000e00affa0,0x00000000eab00000)
 Metaspace       used 20498K, capacity 21114K, committed 21296K, reserved 1067008K
  class space    used 3004K, capacity 3175K, committed 3200K, reserved 1048576K
Event: 2.427 GC heap after
Heap after GC invocations=5 (full 1):
 PSYoungGen      total 141824K, used 0K [0x00000000f5580000, 0x00000000fea80000, 0x0000000100000000)
  eden space 131072K, 0% used [0x00000000f5580000,0x00000000f5580000,0x00000000fd580000)
  from space 10752K, 0% used [0x00000000fe000000,0x00000000fe000000,0x00000000fea80000)
  to   space 10752K, 0% used [0x00000000fd580000,0x00000000fd580000,0x00000000fe000000)
 ParOldGen       total 175104K, used 8167K [0x00000000e0000000, 0x00000000eab00000, 0x00000000f5580000)
  object space 175104K, 4% used [0x00000000e0000000,0x00000000e07f9d68,0x00000000eab00000)
 Metaspace       used 20498K, capacity 21114K, committed 21296K, reserved 1067008K
  class space    used 3004K, capacity 3175K, committed 3200K, reserved 1048576K
}
Event: 112.231 GC heap before
{Heap before GC invocations=6 (full 1):
 PSYoungGen      total 141824K, used 131072K [0x00000000f5580000, 0x00000000fea80000, 0x0000000100000000)
  eden space 131072K, 100% used [0x00000000f5580000,0x00000000fd580000,0x00000000fd580000)
  from space 10752K, 0% used [0x00000000fe000000,0x00000000fe000000,0x00000000fea80000)
  to   space 10752K, 0% used [0x00000000fd580000,0x00000000fd580000,0x00000000fe000000)
 ParOldGen       total 175104K, used 8167K [0x00000000e0000000, 0x00000000eab00000, 0x00000000f5580000)
  object space 175104K, 4% used [0x00000000e0000000,0x00000000e07f9d68,0x00000000eab00000)
 Metaspace       used 32647K, capacity 33784K, committed 34048K, reserved 1079296K
  class space    used 4535K, capacity 4816K, committed 4864K, reserved 1048576K
Event: 112.249 GC heap after
Heap after GC invocations=6 (full 1):
 PSYoungGen      total 141824K, used 10736K [0x00000000f5580000, 0x00000000fea80000, 0x0000000100000000)
  eden space 131072K, 0% used [0x00000000f5580000,0x00000000f5580000,0x00000000fd580000)
  from space 10752K, 99% used [0x00000000fd580000,0x00000000fdffc050,0x00000000fe000000)
  to   space 10752K, 0% used [0x00000000fe000000,0x00000000fe000000,0x00000000fea80000)
 ParOldGen       total 175104K, used 12309K [0x00000000e0000000, 0x00000000eab00000, 0x00000000f5580000)
  object space 175104K, 7% used [0x00000000e0000000,0x00000000e0c05578,0x00000000eab00000)
 Metaspace       used 32647K, capacity 33784K, committed 34048K, reserved 1079296K
  class space    used 4535K, capacity 4816K, committed 4864K, reserved 1048576K
}

Deoptimization events (10 events):
Event: 3.611 Thread 0x000000001872c000 Uncommon trap: reason=unstable_if action=reinterpret pc=0x00000000028dcf6c method=java.util.concurrent.ConcurrentHashMap.putVal(Ljava/lang/Object;Ljava/lang/Object;Z)Ljava/lang/Object; @ 206
Event: 3.621 Thread 0x000000001872c000 Uncommon trap: reason=class_check action=maybe_recompile pc=0x000000000260e460 method=java.lang.String.equals(Ljava/lang/Object;)Z @ 8
Event: 3.621 Thread 0x000000001872c000 Uncommon trap: reason=class_check action=maybe_recompile pc=0x000000000260e460 method=java.lang.String.equals(Ljava/lang/Object;)Z @ 8
Event: 3.621 Thread 0x000000001872c000 Uncommon trap: reason=class_check action=maybe_recompile pc=0x000000000260e460 method=java.lang.String.equals(Ljava/lang/Object;)Z @ 8
Event: 3.621 Thread 0x000000001872c000 Uncommon trap: reason=class_check action=maybe_recompile pc=0x000000000260e460 method=java.lang.String.equals(Ljava/lang/Object;)Z @ 8
Event: 3.623 Thread 0x000000001872c000 Uncommon trap: reason=unstable_if action=reinterpret pc=0x0000000002c8104c method=java.lang.Class.arrayContentsEq([Ljava/lang/Object;[Ljava/lang/Object;)Z @ 1
Event: 110.070 Thread 0x000000001db47800 Uncommon trap: reason=range_check action=make_not_entrant pc=0x0000000002ed3e14 method=java.lang.String.charAt(I)C @ 27
Event: 112.164 Thread 0x000000001db47800 Uncommon trap: reason=bimorphic action=maybe_recompile pc=0x0000000002e4d070 method=org.codehaus.groovy.runtime.metaclass.MetaMethodIndex.addMethodToList(Ljava/lang/Object;Lgroovy/lang/MetaMethod;)Ljava/lang/Object; @ 283
Event: 112.164 Thread 0x000000001db47800 Uncommon trap: reason=bimorphic action=maybe_recompile pc=0x0000000002e4d070 method=org.codehaus.groovy.runtime.metaclass.MetaMethodIndex.addMethodToList(Ljava/lang/Object;Lgroovy/lang/MetaMethod;)Ljava/lang/Object; @ 283
Event: 112.249 Thread 0x0000000015af0800 Uncommon trap: reason=unstable_if action=reinterpret pc=0x00000000029c7168 method=java.lang.ref.Reference.tryHandlePending(Z)Z @ 20

Classes redefined (0 events):
No events

Internal exceptions (10 events):
Event: 112.140 Thread 0x000000001db47800 Exception <a 'java/lang/ClassNotFoundException': groovy/json/JsonSlurperBeanInfo> (0x00000000fcead9b0) thrown at [C:\cygwin64\tmp\build\source\java-1.8.0-openjdk\tmp\jdk8u\hotspot\src\share\vm\classfile\systemDictionary.cpp, line 217]
Event: 112.141 Thread 0x000000001db47800 Exception <a 'java/lang/ClassNotFoundException': groovy/json/JsonSlurperCustomizer> (0x00000000fced26c0) thrown at [C:\cygwin64\tmp\build\source\java-1.8.0-openjdk\tmp\jdk8u\hotspot\src\share\vm\classfile\systemDictionary.cpp, line 217]
Event: 112.158 Thread 0x000000001db47800 Exception <a 'java/lang/ClassNotFoundException': org/apache/groovy/json/internal/LazyMapBeanInfo> (0x00000000fcffd7a8) thrown at [C:\cygwin64\tmp\build\source\java-1.8.0-openjdk\tmp\jdk8u\hotspot\src\share\vm\classfile\systemDictionary.cpp, line 217]
Event: 112.158 Thread 0x000000001db47800 Exception <a 'java/lang/ClassNotFoundException': org/apache/groovy/json/internal/LazyMapCustomizer> (0x00000000fd00e308) thrown at [C:\cygwin64\tmp\build\source\java-1.8.0-openjdk\tmp\jdk8u\hotspot\src\share\vm\classfile\systemDictionary.cpp, line 217]
Event: 112.166 Thread 0x000000001db47800 Exception <a 'java/lang/ClassNotFoundException': groovy/lang/Closure$1BeanInfo> (0x00000000fd08d130) thrown at [C:\cygwin64\tmp\build\source\java-1.8.0-openjdk\tmp\jdk8u\hotspot\src\share\vm\classfile\systemDictionary.cpp, line 217]
Event: 112.167 Thread 0x000000001db47800 Exception <a 'java/lang/ClassNotFoundException': groovy/lang/ClosureBeanInfo> (0x00000000fd0b5808) thrown at [C:\cygwin64\tmp\build\source\java-1.8.0-openjdk\tmp\jdk8u\hotspot\src\share\vm\classfile\systemDictionary.cpp, line 217]
Event: 112.168 Thread 0x000000001db47800 Exception <a 'java/lang/ClassNotFoundException': groovy/lang/ClosureCustomizer> (0x00000000fd0d8c20) thrown at [C:\cygwin64\tmp\build\source\java-1.8.0-openjdk\tmp\jdk8u\hotspot\src\share\vm\classfile\systemDictionary.cpp, line 217]
Event: 112.171 Thread 0x000000001db47800 Exception <a 'java/lang/ClassNotFoundException': groovy/lang/Closure$1Customizer> (0x00000000fd122ca0) thrown at [C:\cygwin64\tmp\build\source\java-1.8.0-openjdk\tmp\jdk8u\hotspot\src\share\vm\classfile\systemDictionary.cpp, line 217]
Event: 112.199 Thread 0x000000001db47800 Exception <a 'java/lang/ClassNotFoundException': java/io/FileBeanInfo> (0x00000000fd337d00) thrown at [C:\cygwin64\tmp\build\source\java-1.8.0-openjdk\tmp\jdk8u\hotspot\src\share\vm\classfile\systemDictionary.cpp, line 217]
Event: 112.199 Thread 0x000000001db47800 Exception <a 'java/lang/ClassNotFoundException': java/io/FileCustomizer> (0x00000000fd33b9d0) thrown at [C:\cygwin64\tmp\build\source\java-1.8.0-openjdk\tmp\jdk8u\hotspot\src\share\vm\classfile\systemDictionary.cpp, line 217]

Events (10 events):
Event: 112.309 loading class org/gradle/api/internal/project/DefaultProject
Event: 112.309 loading class org/gradle/api/internal/project/DefaultProject done
Event: 112.310 loading class org/gradle/internal/extensibility/ExtensibleDynamicObject$InheritedDynamicObject
Event: 112.310 loading class org/gradle/internal/extensibility/ExtensibleDynamicObject$InheritedDynamicObject done
Event: 112.313 loading class org/gradle/initialization/ProjectPropertySettingBuildLoader$CachingPropertyApplicator
Event: 112.313 loading class org/gradle/initialization/ProjectPropertySettingBuildLoader$CachingPropertyApplicator done
Event: 112.313 loading class java/util/Hashtable$KeySet
Event: 112.313 loading class java/util/Hashtable$KeySet done
Event: 112.313 loading class org/apache/commons/lang/reflect/MethodUtils
Event: 112.313 loading class org/apache/commons/lang/reflect/MethodUtils done


Dynamic libraries:
0x00007ff7d1be0000 - 0x00007ff7d1c15000 	C:\Program Files\OpenJDK\openjdk-8u292-b10\bin\java.exe
0x00007ffa328b0000 - 0x00007ffa32aa5000 	C:\Windows\SYSTEM32\ntdll.dll
0x00007ffa30fd0000 - 0x00007ffa3108d000 	C:\Windows\System32\KERNEL32.DLL
0x00007ffa302a0000 - 0x00007ffa30568000 	C:\Windows\System32\KERNELBASE.dll
0x00007ffa313e0000 - 0x00007ffa3148c000 	C:\Windows\System32\ADVAPI32.dll
0x00007ffa31820000 - 0x00007ffa318be000 	C:\Windows\System32\msvcrt.dll
0x00007ffa30e70000 - 0x00007ffa30f0b000 	C:\Windows\System32\sechost.dll
0x00007ffa32630000 - 0x00007ffa3275b000 	C:\Windows\System32\RPCRT4.dll
0x00007ffa318d0000 - 0x00007ffa31a70000 	C:\Windows\System32\USER32.dll
0x00007ffa305d0000 - 0x00007ffa305f2000 	C:\Windows\System32\win32u.dll
0x00007ffa30f10000 - 0x00007ffa30f3a000 	C:\Windows\System32\GDI32.dll
0x00007ffa306b0000 - 0x00007ffa307bb000 	C:\Windows\System32\gdi32full.dll
0x00007ffa2fff0000 - 0x00007ffa3008d000 	C:\Windows\System32\msvcp_win.dll
0x00007ffa30110000 - 0x00007ffa30210000 	C:\Windows\System32\ucrtbase.dll
0x00007ffa1dd70000 - 0x00007ffa1e00a000 	C:\Windows\WinSxS\amd64_microsoft.windows.common-controls_6595b64144ccf1df_6.0.19041.1052_none_60b8f8fd71f5e8cb\COMCTL32.dll
0x00007ffa32600000 - 0x00007ffa32630000 	C:\Windows\System32\IMM32.DLL
0x00000000705b0000 - 0x0000000070682000 	C:\Program Files\OpenJDK\openjdk-8u292-b10\jre\bin\msvcr100.dll
0x000000006fd10000 - 0x00000000705a5000 	C:\Program Files\OpenJDK\openjdk-8u292-b10\jre\bin\server\jvm.dll
0x00007ffa318c0000 - 0x00007ffa318c8000 	C:\Windows\System32\PSAPI.DLL
0x00007ffa27e60000 - 0x00007ffa27e69000 	C:\Windows\SYSTEM32\WSOCK32.dll
0x00007ffa1a0d0000 - 0x00007ffa1a0f7000 	C:\Windows\SYSTEM32\WINMM.dll
0x00007ffa312f0000 - 0x00007ffa3135b000 	C:\Windows\System32\WS2_32.dll
0x00007ffa274c0000 - 0x00007ffa274ca000 	C:\Windows\SYSTEM32\VERSION.dll
0x00007ffa27bf0000 - 0x00007ffa27bff000 	C:\Program Files\OpenJDK\openjdk-8u292-b10\jre\bin\verify.dll
0x00007ffa27680000 - 0x00007ffa276a9000 	C:\Program Files\OpenJDK\openjdk-8u292-b10\jre\bin\java.dll
0x00007ffa21170000 - 0x00007ffa21186000 	C:\Program Files\OpenJDK\openjdk-8u292-b10\jre\bin\zip.dll
0x00007ffa31de0000 - 0x00007ffa3251f000 	C:\Windows\System32\SHELL32.dll
0x00007ffa2e140000 - 0x00007ffa2e8d0000 	C:\Windows\SYSTEM32\windows.storage.dll
0x00007ffa31a70000 - 0x00007ffa31dc5000 	C:\Windows\System32\combase.dll
0x00007ffa2fa60000 - 0x00007ffa2fa8c000 	C:\Windows\SYSTEM32\Wldp.dll
0x00007ffa32760000 - 0x00007ffa3280e000 	C:\Windows\System32\SHCORE.dll
0x00007ffa316e0000 - 0x00007ffa31735000 	C:\Windows\System32\shlwapi.dll
0x00007ffa2ff30000 - 0x00007ffa2ff4f000 	C:\Windows\SYSTEM32\profapi.dll
0x00007ffa21110000 - 0x00007ffa2112b000 	C:\Program Files\OpenJDK\openjdk-8u292-b10\jre\bin\net.dll
0x00007ffa2f7d0000 - 0x00007ffa2f83a000 	C:\Windows\system32\mswsock.dll
0x00007ffa20d90000 - 0x00007ffa20da2000 	C:\Program Files\OpenJDK\openjdk-8u292-b10\jre\bin\nio.dll
0x00007ffa1fdd0000 - 0x00007ffa1fdf6000 	C:\Users\korop\.gradle\native\fdc75f09e3144964f2cf3f50f0aa648679c211496f362492102eb8c894070792\windows-amd64\native-platform.dll
0x00007ff9cfb30000 - 0x00007ff9cfcc1000 	C:\Users\korop\.gradle\native\12488b8bf47d2d4c9fbf2f6322a914ad602e24e48041cd04a747c6da556b65c4\windows-amd64\native-platform-file-events.dll
0x00007ffa21c60000 - 0x00007ffa21c6d000 	C:\Program Files\OpenJDK\openjdk-8u292-b10\jre\bin\management.dll
0x00007ffa2f9a0000 - 0x00007ffa2f9b8000 	C:\Windows\SYSTEM32\CRYPTSP.dll
0x00007ffa2f100000 - 0x00007ffa2f134000 	C:\Windows\system32\rsaenh.dll
0x00007ffa30090000 - 0x00007ffa300b7000 	C:\Windows\System32\bcrypt.dll
0x00007ffa2fef0000 - 0x00007ffa2ff1e000 	C:\Windows\SYSTEM32\USERENV.dll
0x00007ffa30210000 - 0x00007ffa30293000 	C:\Windows\System32\bcryptprimitives.dll
0x00007ffa2f9c0000 - 0x00007ffa2f9cc000 	C:\Windows\SYSTEM32\CRYPTBASE.dll
0x00007ffa2f470000 - 0x00007ffa2f4ab000 	C:\Windows\SYSTEM32\IPHLPAPI.DLL
0x00007ffa325f0000 - 0x00007ffa325f8000 	C:\Windows\System32\NSI.dll
0x00007ffa269d0000 - 0x00007ffa269e7000 	C:\Windows\SYSTEM32\dhcpcsvc6.DLL
0x00007ffa26940000 - 0x00007ffa2695d000 	C:\Windows\SYSTEM32\dhcpcsvc.DLL
0x00007ffa2f4c0000 - 0x00007ffa2f58c000 	C:\Windows\SYSTEM32\DNSAPI.dll
0x00007ffa27220000 - 0x00007ffa2722b000 	C:\Windows\SYSTEM32\WINNSI.DLL

VM Arguments:
jvm_args: -XX:MaxMetaspaceSize=256m -XX:+HeapDumpOnOutOfMemoryError -Xms256m -Xmx512m -Dfile.encoding=windows-1251 -Duser.country=UA -Duser.language=uk -Duser.variant 
java_command: org.gradle.launcher.daemon.bootstrap.GradleDaemon 6.7
java_class_path (initial): C:\Users\korop\.gradle\wrapper\dists\gradle-6.7-all\cuy9mc7upwgwgeb72wkcrupxe\gradle-6.7\lib\gradle-launcher-6.7.jar
Launcher Type: SUN_STANDARD

Environment Variables:
JAVA_HOME=C:\Program Files\OpenJDK\openjdk-8u292-b10
CLASSPATH=D:\DIMA_Projects\React Native\Paintgram_client\android\\gradle\wrapper\gradle-wrapper.jar
PATH=D:\DIMA_Projects\React Native\Paintgram_client\android\node_modules\.bin;D:\DIMA_Projects\React Native\Paintgram_client\node_modules\.bin;D:\DIMA_Projects\React Native\node_modules\.bin;D:\DIMA_Projects\node_modules\.bin;D:\node_modules\.bin;C:\Program Files\nodejs;D:\DIMA_Projects\React Native\Paintgram_client\node_modules\.bin;D:\DIMA_Projects\React Native\node_modules\.bin;D:\DIMA_Projects\node_modules\.bin;D:\node_modules\.bin;C:\Program Files\nodejs\node_modules\npm\node_modules\@npmcli\run-script\lib\node-gyp-bin;C:\Program Files\Microsoft MPI\Bin\;C:\Program Files (x86)\Common Files\Oracle\Java\javapath;C:\Windows\system32;C:\Windows;C:\Windows\System32\Wbem;C:\Windows\System32\WindowsPowerShell\v1.0\;C:\Windows\System32\OpenSSH\;C:\Program Files\NVIDIA Corporation\NVIDIA NvDLISR;C:\Program Files (x86)\NVIDIA Corporation\PhysX\Common;C:\Program Files\Microsoft SQL Server\130\Tools\Binn\;C:\Program Files\Microsoft SQL Server\Client SDK\ODBC\170\Tools\Binn\;C:\ProgramData\chocolatey\bin;C:\Program Files\Git\cmd;C:\Program Files\Azure Data Studio\bin;C:\php-7.4.12-nts-Win32-vc15-x64;C:\composer;C:\Program Files\Microsoft SQL Server\Client SDK\ODBC\130\Tools\Binn\;C:\Program Files\dotnet\;C:\Program Files (x86)\Yarn\bin\;C:\Program Files\Go\bin;C:\TDM-GCC-64\bin;C:\Program Files\nodejs\;C:\Program Files\OpenJDK\openjdk-8u292-b10\bin;C:\src\flutter\bin;C:\Users\korop\AppData\Local\Programs\Microsoft VS Code\bin;C:\Users\korop\AppData\Roaming\npm;C:\Users\korop\AppData\Local\Android\Sdk\platform-tools;;D:\DIMA_Projects\React Native\Paintgram_client\node_modules\.bin
USERNAME=korop
OS=Windows_NT
PROCESSOR_IDENTIFIER=Intel64 Family 6 Model 158 Stepping 10, GenuineIntel



---------------  S Y S T E M  ---------------

OS: Windows 10.0 , 64 bit Build 19041 (10.0.19041.1023)

CPU:total 8 (initial active 8) (4 cores per cpu, 2 threads per core) family 6 model 158 stepping 10, cmov, cx8, fxsr, mmx, sse, sse2, sse3, ssse3, sse4.1, sse4.2, popcnt, avx, avx2, aes, clmul, erms, 3dnowpref, lzcnt, ht, tsc, tscinvbit, bmi1, bmi2, adx

Memory: 4k page, physical 16648404k(1787556k free), swap 47158224k(4192k free)

vm_info: OpenJDK 64-Bit Server VM (25.292-b10) for windows-amd64 JRE (1.8.0_292-b10), built on Apr  9 2021 12:12:51 by "build" with MS VC++ 10.0 (VS2010)

time: Sat Jul 03 18:34:56 2021
timezone: Ô³íëÿíä³ÿ (ë³òî)
elapsed time: 112.321038 seconds (0d 0h 1m 52s)

