#
# There is insufficient memory for the Java Runtime Environment to continue.
# Native memory allocation (malloc) failed to allocate 262160 bytes for Chunk::new
# Possible reasons:
#   The system is out of physical RAM or swap space
#   The process is running with CompressedOops enabled, and the Java Heap may be blocking the growth of the native heap
# Possible solutions:
#   Reduce memory load on the system
#   Increase physical memory or swap space
#   Check if swap backing store is full
#   Decrease Java heap size (-Xmx/-Xms)
#   Decrease number of Java threads
#   Decrease Java thread stack sizes (-Xss)
#   Set larger code cache with -XX:ReservedCodeCacheSize=
#   JVM is running with Unscaled Compressed Oops mode in which the Java heap is
#     placed in the first 4GB address space. The Java Heap base address is the
#     maximum limit for the native heap growth. Please use -XX:HeapBaseMinAddress
#     to set the Java Heap base and to place the Java Heap above 4GB virtual address.
# This output file may be truncated or incomplete.
#
#  Out of Memory Error (allocation.cpp:389), pid=14392, tid=0x000000000000193c
#
# JRE version: OpenJDK Runtime Environment (8.0_292-b10) (build 1.8.0_292-b10)
# Java VM: OpenJDK 64-Bit Server VM (25.292-b10 mixed mode windows-amd64 compressed oops)
# Failed to write core dump. Minidumps are not enabled by default on client versions of Windows
#

---------------  T H R E A D  ---------------

Current thread (0x000000001608e800):  JavaThread "C2 CompilerThread2" daemon [_thread_in_native, id=6460, stack(0x0000000016b80000,0x0000000016c80000)]

Stack: [0x0000000016b80000,0x0000000016c80000]
[error occurred during error reporting (printing stack bounds), id 0xc0000005]

Native frames: (J=compiled Java code, j=interpreted, Vv=VM code, C=native code)


Current CompileTask:
C2:  10028 5610       4       com.sun.beans.TypeResolver::resolve (37 bytes)


---------------  P R O C E S S  ---------------

Java Threads: ( => current thread )
  0x000000001b35f800 JavaThread "Memory manager" [_thread_blocked, id=23548, stack(0x0000000026820000,0x0000000026920000)]
  0x000000001b365800 JavaThread "jar transforms Thread 92" [_thread_blocked, id=22900, stack(0x0000000026320000,0x0000000026420000)]
  0x000000001b365000 JavaThread "jar transforms Thread 91" [_thread_blocked, id=23420, stack(0x0000000026220000,0x0000000026320000)]
  0x00000000186a4800 JavaThread "jar transforms Thread 90" [_thread_blocked, id=9620, stack(0x0000000026120000,0x0000000026220000)]
  0x00000000186a3000 JavaThread "jar transforms Thread 89" [_thread_blocked, id=10064, stack(0x0000000026020000,0x0000000026120000)]
  0x00000000186a2000 JavaThread "jar transforms Thread 88" [_thread_blocked, id=22028, stack(0x0000000025f20000,0x0000000026020000)]
  0x00000000186a1800 JavaThread "jar transforms Thread 87" [_thread_blocked, id=22660, stack(0x0000000025e20000,0x0000000025f20000)]
  0x00000000186a0800 JavaThread "jar transforms Thread 86" [_thread_blocked, id=22328, stack(0x0000000025d20000,0x0000000025e20000)]
  0x00000000186a5800 JavaThread "jar transforms Thread 85" [_thread_blocked, id=13420, stack(0x0000000025c20000,0x0000000025d20000)]
  0x00000000186a0000 JavaThread "jar transforms Thread 84" [_thread_blocked, id=19892, stack(0x0000000025b20000,0x0000000025c20000)]
  0x00000000186a3800 JavaThread "jar transforms Thread 83" [_thread_blocked, id=2660, stack(0x0000000025a20000,0x0000000025b20000)]
  0x0000000018699800 JavaThread "jar transforms Thread 82" [_thread_blocked, id=23468, stack(0x0000000025920000,0x0000000025a20000)]
  0x000000001869f000 JavaThread "jar transforms Thread 81" [_thread_blocked, id=2240, stack(0x0000000025820000,0x0000000025920000)]
  0x000000001869c000 JavaThread "jar transforms Thread 80" [_thread_blocked, id=18360, stack(0x0000000025720000,0x0000000025820000)]
  0x000000001869e000 JavaThread "jar transforms Thread 79" [_thread_blocked, id=2744, stack(0x0000000025620000,0x0000000025720000)]
  0x000000001869b000 JavaThread "jar transforms Thread 78" [_thread_blocked, id=12132, stack(0x0000000025520000,0x0000000025620000)]
  0x0000000018698800 JavaThread "jar transforms Thread 77" [_thread_blocked, id=13632, stack(0x0000000025420000,0x0000000025520000)]
  0x0000000018696800 JavaThread "jar transforms Thread 76" [_thread_blocked, id=12052, stack(0x0000000025320000,0x0000000025420000)]
  0x000000001869d800 JavaThread "jar transforms Thread 75" [_thread_blocked, id=13756, stack(0x0000000025220000,0x0000000025320000)]
  0x0000000018698000 JavaThread "jar transforms Thread 74" [_thread_blocked, id=5568, stack(0x0000000025120000,0x0000000025220000)]
  0x0000000018697000 JavaThread "jar transforms Thread 73" [_thread_blocked, id=9460, stack(0x0000000025020000,0x0000000025120000)]
  0x000000001869a800 JavaThread "jar transforms Thread 72" [_thread_blocked, id=15584, stack(0x0000000024f20000,0x0000000025020000)]
  0x000000001869c800 JavaThread "jar transforms Thread 71" [_thread_blocked, id=6252, stack(0x0000000024d20000,0x0000000024e20000)]
  0x000000001c217000 JavaThread "jar transforms Thread 70" [_thread_blocked, id=5552, stack(0x0000000024c20000,0x0000000024d20000)]
  0x000000001c212800 JavaThread "jar transforms Thread 69" [_thread_blocked, id=7816, stack(0x0000000024b20000,0x0000000024c20000)]
  0x000000001c211800 JavaThread "jar transforms Thread 68" [_thread_blocked, id=19384, stack(0x0000000024a20000,0x0000000024b20000)]
  0x000000001c216800 JavaThread "jar transforms Thread 67" [_thread_blocked, id=10892, stack(0x0000000024920000,0x0000000024a20000)]
  0x000000001c215800 JavaThread "jar transforms Thread 66" [_thread_blocked, id=22524, stack(0x0000000024820000,0x0000000024920000)]
  0x000000001c214000 JavaThread "jar transforms Thread 65" [_thread_blocked, id=16876, stack(0x0000000024720000,0x0000000024820000)]
  0x000000001c215000 JavaThread "jar transforms Thread 64" [_thread_blocked, id=10756, stack(0x0000000024620000,0x0000000024720000)]
  0x000000001c213000 JavaThread "jar transforms Thread 63" [_thread_blocked, id=18668, stack(0x0000000024520000,0x0000000024620000)]
  0x000000001c20a000 JavaThread "jar transforms Thread 62" [_thread_blocked, id=9192, stack(0x0000000024420000,0x0000000024520000)]
  0x000000001c20d800 JavaThread "jar transforms Thread 61" [_thread_blocked, id=4672, stack(0x0000000024320000,0x0000000024420000)]
  0x000000001c20d000 JavaThread "jar transforms Thread 60" [_thread_blocked, id=8232, stack(0x0000000024220000,0x0000000024320000)]
  0x000000001c211000 JavaThread "jar transforms Thread 59" [_thread_blocked, id=6864, stack(0x0000000024120000,0x0000000024220000)]
  0x000000001c20c000 JavaThread "jar transforms Thread 58" [_thread_blocked, id=5584, stack(0x0000000024020000,0x0000000024120000)]
  0x000000001c20b800 JavaThread "jar transforms Thread 57" [_thread_blocked, id=9952, stack(0x0000000023f20000,0x0000000024020000)]
  0x000000001c209000 JavaThread "jar transforms Thread 56" [_thread_blocked, id=8956, stack(0x0000000023e20000,0x0000000023f20000)]
  0x000000001c210000 JavaThread "jar transforms Thread 55" [_thread_blocked, id=15840, stack(0x0000000023d20000,0x0000000023e20000)]
  0x000000001c208000 JavaThread "jar transforms Thread 54" [_thread_blocked, id=15812, stack(0x0000000023c20000,0x0000000023d20000)]
  0x000000001c20e800 JavaThread "jar transforms Thread 53" [_thread_blocked, id=14696, stack(0x0000000023b20000,0x0000000023c20000)]
  0x000000001c20a800 JavaThread "jar transforms Thread 52" [_thread_blocked, id=17312, stack(0x0000000023a20000,0x0000000023b20000)]
  0x000000001c20f800 JavaThread "jar transforms Thread 51" [_thread_blocked, id=19272, stack(0x0000000023920000,0x0000000023a20000)]
  0x000000001c2d5000 JavaThread "jar transforms Thread 50" [_thread_blocked, id=9068, stack(0x0000000023820000,0x0000000023920000)]
  0x000000001c2d0000 JavaThread "jar transforms Thread 49" [_thread_blocked, id=7056, stack(0x0000000023720000,0x0000000023820000)]
  0x000000001c2ce800 JavaThread "jar transforms Thread 48" [_thread_blocked, id=7128, stack(0x0000000023620000,0x0000000023720000)]
  0x000000001c2ce000 JavaThread "jar transforms Thread 47" [_thread_blocked, id=20740, stack(0x0000000023520000,0x0000000023620000)]
  0x000000001c2d4000 JavaThread "jar transforms Thread 46" [_thread_blocked, id=8012, stack(0x0000000023420000,0x0000000023520000)]
  0x000000001c2d3800 JavaThread "jar transforms Thread 45" [_thread_blocked, id=19396, stack(0x0000000023320000,0x0000000023420000)]
  0x000000001c2d2800 JavaThread "jar transforms Thread 44" [_thread_blocked, id=11372, stack(0x0000000023220000,0x0000000023320000)]
  0x000000001c2cf800 JavaThread "jar transforms Thread 43" [_thread_blocked, id=22992, stack(0x0000000023120000,0x0000000023220000)]
  0x000000001c2d1000 JavaThread "jar transforms Thread 42" [_thread_blocked, id=22996, stack(0x0000000023020000,0x0000000023120000)]
  0x000000001c2cc800 JavaThread "jar transforms Thread 41" [_thread_blocked, id=16168, stack(0x0000000022f20000,0x0000000023020000)]
  0x000000001c2d2000 JavaThread "jar transforms Thread 40" [_thread_blocked, id=22836, stack(0x0000000022e20000,0x0000000022f20000)]
  0x000000001c2c7000 JavaThread "jar transforms Thread 39" [_thread_blocked, id=18860, stack(0x0000000022d20000,0x0000000022e20000)]
  0x000000001c2c6000 JavaThread "jar transforms Thread 38" [_thread_blocked, id=12904, stack(0x0000000022c20000,0x0000000022d20000)]
  0x000000001c2ca000 JavaThread "jar transforms Thread 37" [_thread_blocked, id=996, stack(0x0000000022b20000,0x0000000022c20000)]
  0x000000001c2cb800 JavaThread "jar transforms Thread 36" [_thread_blocked, id=23448, stack(0x0000000022a20000,0x0000000022b20000)]
  0x000000001c2c9000 JavaThread "jar transforms Thread 35" [_thread_blocked, id=3796, stack(0x0000000022920000,0x0000000022a20000)]
  0x000000001c2c8800 JavaThread "jar transforms Thread 34" [_thread_blocked, id=12968, stack(0x0000000022820000,0x0000000022920000)]
  0x000000001c2c7800 JavaThread "jar transforms Thread 33" [_thread_blocked, id=2860, stack(0x0000000022720000,0x0000000022820000)]
  0x000000001c2ca800 JavaThread "jar transforms Thread 32" [_thread_blocked, id=20252, stack(0x0000000022620000,0x0000000022720000)]
  0x000000001c2cd000 JavaThread "jar transforms Thread 31" [_thread_blocked, id=14728, stack(0x0000000022520000,0x0000000022620000)]
  0x0000000017f76800 JavaThread "jar transforms Thread 30" [_thread_blocked, id=4800, stack(0x0000000022420000,0x0000000022520000)]
  0x0000000017f76000 JavaThread "jar transforms Thread 29" [_thread_blocked, id=23248, stack(0x0000000022320000,0x0000000022420000)]
  0x0000000017f75000 JavaThread "jar transforms Thread 28" [_thread_blocked, id=12088, stack(0x0000000022220000,0x0000000022320000)]
  0x0000000017f74000 JavaThread "jar transforms Thread 27" [_thread_blocked, id=17512, stack(0x0000000022120000,0x0000000022220000)]
  0x0000000017f73800 JavaThread "jar transforms Thread 26" [_thread_blocked, id=17076, stack(0x0000000022020000,0x0000000022120000)]
  0x0000000017f72000 JavaThread "jar transforms Thread 25" [_thread_blocked, id=144, stack(0x0000000021f20000,0x0000000022020000)]
  0x0000000017f72800 JavaThread "jar transforms Thread 24" [_thread_blocked, id=11800, stack(0x0000000021e20000,0x0000000021f20000)]
  0x0000000017f77800 JavaThread "jar transforms Thread 23" [_thread_blocked, id=20468, stack(0x0000000021d20000,0x0000000021e20000)]
  0x0000000017f6a000 JavaThread "jar transforms Thread 22" [_thread_blocked, id=8048, stack(0x0000000021c20000,0x0000000021d20000)]
  0x0000000017f71000 JavaThread "jar transforms Thread 21" [_thread_blocked, id=11624, stack(0x0000000021b20000,0x0000000021c20000)]
  0x0000000017f6e800 JavaThread "jar transforms Thread 20" [_thread_blocked, id=12264, stack(0x0000000021a20000,0x0000000021b20000)]
  0x0000000017f6e000 JavaThread "jar transforms Thread 19" [_thread_blocked, id=22228, stack(0x0000000021920000,0x0000000021a20000)]
  0x0000000017f70800 JavaThread "jar transforms Thread 18" [_thread_blocked, id=6936, stack(0x0000000021820000,0x0000000021920000)]
  0x0000000017f68800 JavaThread "jar transforms Thread 17" [_thread_blocked, id=22440, stack(0x0000000021720000,0x0000000021820000)]
  0x0000000017f6f800 JavaThread "jar transforms Thread 16" [_thread_blocked, id=5276, stack(0x0000000021620000,0x0000000021720000)]
  0x0000000017f6b000 JavaThread "jar transforms Thread 15" [_thread_blocked, id=23364, stack(0x0000000021520000,0x0000000021620000)]
  0x0000000017f6b800 JavaThread "jar transforms Thread 14" [_thread_blocked, id=10012, stack(0x0000000021420000,0x0000000021520000)]
  0x0000000017f69000 JavaThread "jar transforms Thread 13" [_thread_blocked, id=11664, stack(0x0000000021320000,0x0000000021420000)]
  0x0000000017f6d000 JavaThread "jar transforms Thread 12" [_thread_blocked, id=21784, stack(0x0000000021220000,0x0000000021320000)]
  0x0000000017f6c800 JavaThread "jar transforms Thread 11" [_thread_blocked, id=20876, stack(0x0000000021120000,0x0000000021220000)]
  0x000000001961d000 JavaThread "jar transforms Thread 10" [_thread_blocked, id=18788, stack(0x0000000021020000,0x0000000021120000)]
  0x000000001961e800 JavaThread "jar transforms Thread 9" [_thread_blocked, id=22896, stack(0x0000000020f20000,0x0000000021020000)]
  0x000000001961e000 JavaThread "jar transforms Thread 8" [_thread_blocked, id=12952, stack(0x0000000020e20000,0x0000000020f20000)]
  0x000000001961a800 JavaThread "jar transforms Thread 7" [_thread_blocked, id=14916, stack(0x0000000020d20000,0x0000000020e20000)]
  0x000000001961c800 JavaThread "jar transforms Thread 6" [_thread_blocked, id=21112, stack(0x0000000020c20000,0x0000000020d20000)]
  0x0000000019620000 JavaThread "jar transforms Thread 5" [_thread_blocked, id=23544, stack(0x0000000020b20000,0x0000000020c20000)]
  0x000000001961a000 JavaThread "jar transforms Thread 4" [_thread_blocked, id=19072, stack(0x0000000020a20000,0x0000000020b20000)]
  0x000000001961f800 JavaThread "jar transforms Thread 3" [_thread_blocked, id=13172, stack(0x0000000020920000,0x0000000020a20000)]
  0x000000001961b800 JavaThread "jar transforms Thread 2" [_thread_blocked, id=14980, stack(0x0000000020820000,0x0000000020920000)]
  0x0000000019612000 JavaThread "Build operations Thread 8" [_thread_blocked, id=9436, stack(0x0000000020720000,0x0000000020820000)]
  0x0000000019613000 JavaThread "Build operations Thread 7" [_thread_blocked, id=15796, stack(0x0000000020620000,0x0000000020720000)]
  0x0000000019619000 JavaThread "Build operations Thread 6" [_thread_blocked, id=22024, stack(0x0000000020520000,0x0000000020620000)]
  0x0000000019618800 JavaThread "Build operations Thread 5" [_thread_blocked, id=16892, stack(0x0000000020420000,0x0000000020520000)]
  0x0000000019616000 JavaThread "Build operations Thread 4" [_thread_blocked, id=5296, stack(0x0000000020320000,0x0000000020420000)]
  0x0000000019617800 JavaThread "Build operations Thread 3" [_thread_blocked, id=21580, stack(0x000000001fe90000,0x000000001ff90000)]
  0x0000000019615000 JavaThread "Build operations Thread 2" [_thread_blocked, id=9320, stack(0x000000001fd90000,0x000000001fe90000)]
  0x0000000019611800 JavaThread "Build operations" [_thread_blocked, id=5928, stack(0x000000001fc90000,0x000000001fd90000)]
  0x0000000019614800 JavaThread "Cache worker for Build Output Cleanup Cache (D:\DIMA_Projects\React Native\Paintgram_client\android\.gradle\buildOutputCleanup)" [_thread_blocked, id=22688, stack(0x0000000020020000,0x0000000020120000)]
  0x0000000019613800 JavaThread "Cache worker for file content cache (C:\Users\korop\.gradle\caches\6.7\fileContent)" [_thread_blocked, id=9948, stack(0x000000001f590000,0x000000001f690000)]
  0x0000000017119000 JavaThread "jar transforms" [_thread_blocked, id=15652, stack(0x000000001f290000,0x000000001f390000)]
  0x000000001711b800 JavaThread "Cache worker for execution history cache (C:\Users\korop\.gradle\caches\6.7\executionHistory)" [_thread_blocked, id=23464, stack(0x000000001eb90000,0x000000001ec90000)]
  0x0000000017116800 JavaThread "Cache worker for cache directory md-rule (C:\Users\korop\.gradle\caches\6.7\md-rule)" [_thread_blocked, id=18276, stack(0x000000001ea90000,0x000000001eb90000)]
  0x0000000017118800 JavaThread "Cache worker for cache directory md-supplier (C:\Users\korop\.gradle\caches\6.7\md-supplier)" [_thread_blocked, id=11612, stack(0x000000001d440000,0x000000001d540000)]
  0x0000000017116000 JavaThread "Cache worker for checksums cache (D:\DIMA_Projects\React Native\Paintgram_client\android\.gradle\checksums)" [_thread_blocked, id=16056, stack(0x000000001d340000,0x000000001d440000)]
  0x000000001711a000 JavaThread "Cache worker for file hash cache (D:\DIMA_Projects\React Native\Paintgram_client\android\.gradle\6.7\fileHashes)" [_thread_blocked, id=5688, stack(0x000000001e990000,0x000000001ea90000)]
  0x000000001711a800 JavaThread "Cache worker for journal cache (C:\Users\korop\.gradle\caches\journal-1)" [_thread_blocked, id=11104, stack(0x000000001b0a0000,0x000000001b1a0000)]
  0x000000001711d000 JavaThread "File lock request listener" [_thread_in_native, id=2100, stack(0x000000001afa0000,0x000000001b0a0000)]
  0x0000000017117800 JavaThread "Cache worker for file hash cache (C:\Users\korop\.gradle\caches\6.7\fileHashes)" [_thread_blocked, id=23224, stack(0x000000001aea0000,0x000000001afa0000)]
  0x0000000018e75800 JavaThread "Thread-9" [_thread_blocked, id=4156, stack(0x000000001aba0000,0x000000001aca0000)]
  0x0000000018de8800 JavaThread "Stdin handler" [_thread_blocked, id=17572, stack(0x000000001aaa0000,0x000000001aba0000)]
  0x0000000018dd7800 JavaThread "Asynchronous log dispatcher for DefaultDaemonConnection: socket connection from /127.0.0.1:51855 to /127.0.0.1:51856" [_thread_blocked, id=15432, stack(0x000000001a9a0000,0x000000001aaa0000)]
  0x0000000018dd4000 JavaThread "Daemon worker" [_thread_in_native, id=13276, stack(0x000000001a8a0000,0x000000001a9a0000)]
  0x0000000018dbe000 JavaThread "Cancel handler" [_thread_blocked, id=7244, stack(0x000000001a6a0000,0x000000001a7a0000)]
  0x0000000018ddc000 JavaThread "Handler for socket connection from /127.0.0.1:51855 to /127.0.0.1:51856" [_thread_in_native, id=6124, stack(0x000000001a5a0000,0x000000001a6a0000)]
  0x0000000018ddb800 JavaThread "Daemon" [_thread_blocked, id=22488, stack(0x000000001a2a0000,0x000000001a3a0000)]
  0x0000000018de0000 JavaThread "Daemon periodic checks" [_thread_blocked, id=23048, stack(0x000000001a1a0000,0x000000001a2a0000)]
  0x0000000018da4800 JavaThread "Incoming local TCP Connector on port 51855" [_thread_in_native, id=22180, stack(0x0000000019f60000,0x000000001a060000)]
  0x0000000018d6d800 JavaThread "Daemon health stats" [_thread_blocked, id=5540, stack(0x0000000019720000,0x0000000019820000)]
  0x0000000016119800 JavaThread "Service Thread" daemon [_thread_blocked, id=18376, stack(0x0000000016d80000,0x0000000016e80000)]
  0x0000000016092000 JavaThread "C1 CompilerThread3" daemon [_thread_blocked, id=10420, stack(0x0000000016c80000,0x0000000016d80000)]
=>0x000000001608e800 JavaThread "C2 CompilerThread2" daemon [_thread_in_native, id=6460, stack(0x0000000016b80000,0x0000000016c80000)]
  0x000000001608c800 JavaThread "C2 CompilerThread1" daemon [_thread_in_native, id=14700, stack(0x0000000016a80000,0x0000000016b80000)]
  0x0000000016090800 JavaThread "C2 CompilerThread0" daemon [_thread_in_native, id=12116, stack(0x0000000016980000,0x0000000016a80000)]
  0x0000000016082800 JavaThread "Attach Listener" daemon [_thread_blocked, id=15528, stack(0x0000000016880000,0x0000000016980000)]
  0x0000000016081800 JavaThread "Signal Dispatcher" daemon [_thread_blocked, id=10088, stack(0x0000000016780000,0x0000000016880000)]
  0x0000000002aba000 JavaThread "Finalizer" daemon [_thread_blocked, id=10068, stack(0x0000000016550000,0x0000000016650000)]
  0x0000000016070800 JavaThread "Reference Handler" daemon [_thread_blocked, id=14832, stack(0x0000000016450000,0x0000000016550000)]
  0x00000000029c2800 JavaThread "main" [_thread_blocked, id=21640, stack(0x00000000027f0000,0x00000000028f0000)]

Other Threads:
  0x0000000014276800 VMThread [stack: 0x0000000015f50000,0x0000000016050000] [id=18944]
  0x000000001611c000 WatcherThread [stack: 0x0000000016e80000,0x0000000016f80000] [id=3916]

VM state:not at safepoint (normal execution)

VM Mutex/Monitor currently owned by a thread: None

heap address: 0x00000000e0000000, size: 512 MB, Compressed Oops mode: 32-bit
Narrow klass base: 0x0000000000000000, Narrow klass shift: 3
Compressed class space size: 1073741824 Address: 0x0000000100000000

Heap:
 PSYoungGen      total 153088K, used 119182K [0x00000000f5580000, 0x0000000100000000, 0x0000000100000000)
  eden space 137728K, 75% used [0x00000000f5580000,0x00000000fbaeb368,0x00000000fdc00000)
  from space 15360K, 99% used [0x00000000fee80000,0x00000000ffd785e0,0x00000000ffd80000)
  to   space 18432K, 0% used [0x00000000fdc00000,0x00000000fdc00000,0x00000000fee00000)
 ParOldGen       total 175104K, used 18091K [0x00000000e0000000, 0x00000000eab00000, 0x00000000f5580000)
  object space 175104K, 10% used [0x00000000e0000000,0x00000000e11aadc8,0x00000000eab00000)
 Metaspace       used 56485K, capacity 58922K, committed 59136K, reserved 1099776K
  class space    used 7602K, capacity 8137K, committed 8192K, reserved 1048576K

Card table byte_map: [0x0000000011e80000,0x0000000011f90000] byte_map_base: 0x0000000011780000

Marking Bits: (ParMarkBitMap*) 0x0000000070523420
 Begin Bits: [0x0000000012790000, 0x0000000012f90000)
 End Bits:   [0x0000000012f90000, 0x0000000013790000)

Polling page: 0x0000000000fc0000

CodeCache: size=245760Kb used=18436Kb max_used=18459Kb free=227323Kb
 bounds [0x0000000002ac0000, 0x0000000003ce0000, 0x0000000011ac0000]
 total_blobs=6021 nmethods=5235 adapters=698
 compilation: enabled

Compilation events (10 events):
Event: 9.698 Thread 0x0000000016092000 5754       3       org.codehaus.groovy.runtime.metaclass.ClosureMetaClass::unwrap (36 bytes)
Event: 9.698 Thread 0x0000000016092000 nmethod 5754 0x0000000003ca0690 code [0x0000000003ca0820, 0x0000000003ca0e48]
Event: 9.698 Thread 0x0000000016092000 5753       3       org.codehaus.groovy.runtime.metaclass.ClosureMetaClass::makeArguments (10 bytes)
Event: 9.699 Thread 0x0000000016092000 nmethod 5753 0x0000000003ca0310 code [0x0000000003ca0460, 0x0000000003ca05f0]
Event: 9.701 Thread 0x0000000016092000 5755       1       java.nio.charset.CharsetDecoder::charset (5 bytes)
Event: 9.701 Thread 0x0000000016092000 nmethod 5755 0x0000000003ca0050 code [0x0000000003ca01a0, 0x0000000003ca02b0]
Event: 9.786 Thread 0x0000000016090800 nmethod 5737 0x0000000003cccc90 code [0x0000000003ccd200, 0x0000000003cd0e28]
Event: 9.786 Thread 0x0000000016090800 5749       4       java.lang.Class::getMethod0 (40 bytes)
Event: 9.795 Thread 0x0000000016090800 nmethod 5749 0x0000000003cc9f90 code [0x0000000003cca140, 0x0000000003cca790]
Event: 9.795 Thread 0x0000000016090800 5747       4       java.beans.Introspector::addMethod (196 bytes)

GC Heap History (10 events):
Event: 5.897 GC heap before
{Heap before GC invocations=6 (full 1):
 PSYoungGen      total 141824K, used 131072K [0x00000000f5580000, 0x00000000fea80000, 0x0000000100000000)
  eden space 131072K, 100% used [0x00000000f5580000,0x00000000fd580000,0x00000000fd580000)
  from space 10752K, 0% used [0x00000000fe000000,0x00000000fe000000,0x00000000fea80000)
  to   space 10752K, 0% used [0x00000000fd580000,0x00000000fd580000,0x00000000fe000000)
 ParOldGen       total 175104K, used 8142K [0x00000000e0000000, 0x00000000eab00000, 0x00000000f5580000)
  object space 175104K, 4% used [0x00000000e0000000,0x00000000e07f3a30,0x00000000eab00000)
 Metaspace       used 34245K, capacity 35258K, committed 35456K, reserved 1079296K
  class space    used 4677K, capacity 4923K, committed 4992K, reserved 1048576K
Event: 5.913 GC heap after
Heap after GC invocations=6 (full 1):
 PSYoungGen      total 141824K, used 10745K [0x00000000f5580000, 0x0000000100000000, 0x0000000100000000)
  eden space 131072K, 0% used [0x00000000f5580000,0x00000000f5580000,0x00000000fd580000)
  from space 10752K, 99% used [0x00000000fd580000,0x00000000fdffe490,0x00000000fe000000)
  to   space 16896K, 0% used [0x00000000fef80000,0x00000000fef80000,0x0000000100000000)
 ParOldGen       total 175104K, used 13491K [0x00000000e0000000, 0x00000000eab00000, 0x00000000f5580000)
  object space 175104K, 7% used [0x00000000e0000000,0x00000000e0d2cd28,0x00000000eab00000)
 Metaspace       used 34245K, capacity 35258K, committed 35456K, reserved 1079296K
  class space    used 4677K, capacity 4923K, committed 4992K, reserved 1048576K
}
Event: 5.956 GC heap before
{Heap before GC invocations=7 (full 1):
 PSYoungGen      total 141824K, used 17146K [0x00000000f5580000, 0x0000000100000000, 0x0000000100000000)
  eden space 131072K, 4% used [0x00000000f5580000,0x00000000f5bc06b0,0x00000000fd580000)
  from space 10752K, 99% used [0x00000000fd580000,0x00000000fdffe490,0x00000000fe000000)
  to   space 16896K, 0% used [0x00000000fef80000,0x00000000fef80000,0x0000000100000000)
 ParOldGen       total 175104K, used 13491K [0x00000000e0000000, 0x00000000eab00000, 0x00000000f5580000)
  object space 175104K, 7% used [0x00000000e0000000,0x00000000e0d2cd28,0x00000000eab00000)
 Metaspace       used 34508K, capacity 35456K, committed 35496K, reserved 1079296K
  class space    used 4717K, capacity 4988K, committed 4992K, reserved 1048576K
Event: 5.963 GC heap after
Heap after GC invocations=7 (full 1):
 PSYoungGen      total 158208K, used 8074K [0x00000000f5580000, 0x0000000100000000, 0x0000000100000000)
  eden space 141312K, 0% used [0x00000000f5580000,0x00000000f5580000,0x00000000fdf80000)
  from space 16896K, 47% used [0x00000000fef80000,0x00000000ff7629e0,0x0000000100000000)
  to   space 16384K, 0% used [0x00000000fdf80000,0x00000000fdf80000,0x00000000fef80000)
 ParOldGen       total 175104K, used 13499K [0x00000000e0000000, 0x00000000eab00000, 0x00000000f5580000)
  object space 175104K, 7% used [0x00000000e0000000,0x00000000e0d2ed28,0x00000000eab00000)
 Metaspace       used 34508K, capacity 35456K, committed 35496K, reserved 1079296K
  class space    used 4717K, capacity 4988K, committed 4992K, reserved 1048576K
}
Event: 5.963 GC heap before
{Heap before GC invocations=8 (full 2):
 PSYoungGen      total 158208K, used 8074K [0x00000000f5580000, 0x0000000100000000, 0x0000000100000000)
  eden space 141312K, 0% used [0x00000000f5580000,0x00000000f5580000,0x00000000fdf80000)
  from space 16896K, 47% used [0x00000000fef80000,0x00000000ff7629e0,0x0000000100000000)
  to   space 16384K, 0% used [0x00000000fdf80000,0x00000000fdf80000,0x00000000fef80000)
 ParOldGen       total 175104K, used 13499K [0x00000000e0000000, 0x00000000eab00000, 0x00000000f5580000)
  object space 175104K, 7% used [0x00000000e0000000,0x00000000e0d2ed28,0x00000000eab00000)
 Metaspace       used 34508K, capacity 35456K, committed 35496K, reserved 1079296K
  class space    used 4717K, capacity 4988K, committed 4992K, reserved 1048576K
Event: 6.027 GC heap after
Heap after GC invocations=8 (full 2):
 PSYoungGen      total 158208K, used 0K [0x00000000f5580000, 0x0000000100000000, 0x0000000100000000)
  eden space 141312K, 0% used [0x00000000f5580000,0x00000000f5580000,0x00000000fdf80000)
  from space 16896K, 0% used [0x00000000fef80000,0x00000000fef80000,0x0000000100000000)
  to   space 16384K, 0% used [0x00000000fdf80000,0x00000000fdf80000,0x00000000fef80000)
 ParOldGen       total 175104K, used 14872K [0x00000000e0000000, 0x00000000eab00000, 0x00000000f5580000)
  object space 175104K, 8% used [0x00000000e0000000,0x00000000e0e863c8,0x00000000eab00000)
 Metaspace       used 34504K, capacity 35450K, committed 35496K, reserved 1079296K
  class space    used 4716K, capacity 4986K, committed 4992K, reserved 1048576K
}
Event: 7.116 GC heap before
{Heap before GC invocations=9 (full 2):
 PSYoungGen      total 158208K, used 141312K [0x00000000f5580000, 0x0000000100000000, 0x0000000100000000)
  eden space 141312K, 100% used [0x00000000f5580000,0x00000000fdf80000,0x00000000fdf80000)
  from space 16896K, 0% used [0x00000000fef80000,0x00000000fef80000,0x0000000100000000)
  to   space 16384K, 0% used [0x00000000fdf80000,0x00000000fdf80000,0x00000000fef80000)
 ParOldGen       total 175104K, used 14872K [0x00000000e0000000, 0x00000000eab00000, 0x00000000f5580000)
  object space 175104K, 8% used [0x00000000e0000000,0x00000000e0e863c8,0x00000000eab00000)
 Metaspace       used 40647K, capacity 42330K, committed 42624K, reserved 1085440K
  class space    used 5603K, capacity 5953K, committed 6016K, reserved 1048576K
Event: 7.122 GC heap after
Heap after GC invocations=9 (full 2):
 PSYoungGen      total 151552K, used 9900K [0x00000000f5580000, 0x00000000ffd80000, 0x0000000100000000)
  eden space 141312K, 0% used [0x00000000f5580000,0x00000000f5580000,0x00000000fdf80000)
  from space 10240K, 96% used [0x00000000fdf80000,0x00000000fe92b010,0x00000000fe980000)
  to   space 15360K, 0% used [0x00000000fee80000,0x00000000fee80000,0x00000000ffd80000)
 ParOldGen       total 175104K, used 14880K [0x00000000e0000000, 0x00000000eab00000, 0x00000000f5580000)
  object space 175104K, 8% used [0x00000000e0000000,0x00000000e0e883c8,0x00000000eab00000)
 Metaspace       used 40647K, capacity 42330K, committed 42624K, reserved 1085440K
  class space    used 5603K, capacity 5953K, committed 6016K, reserved 1048576K
}
Event: 8.381 GC heap before
{Heap before GC invocations=10 (full 2):
 PSYoungGen      total 151552K, used 151212K [0x00000000f5580000, 0x00000000ffd80000, 0x0000000100000000)
  eden space 141312K, 100% used [0x00000000f5580000,0x00000000fdf80000,0x00000000fdf80000)
  from space 10240K, 96% used [0x00000000fdf80000,0x00000000fe92b010,0x00000000fe980000)
  to   space 15360K, 0% used [0x00000000fee80000,0x00000000fee80000,0x00000000ffd80000)
 ParOldGen       total 175104K, used 14880K [0x00000000e0000000, 0x00000000eab00000, 0x00000000f5580000)
  object space 175104K, 8% used [0x00000000e0000000,0x00000000e0e883c8,0x00000000eab00000)
 Metaspace       used 51371K, capacity 53446K, committed 53632K, reserved 1095680K
  class space    used 6969K, capacity 7491K, committed 7552K, reserved 1048576K
Event: 8.392 GC heap after
Heap after GC invocations=10 (full 2):
 PSYoungGen      total 153088K, used 15329K [0x00000000f5580000, 0x0000000100000000, 0x0000000100000000)
  eden space 137728K, 0% used [0x00000000f5580000,0x00000000f5580000,0x00000000fdc00000)
  from space 15360K, 99% used [0x00000000fee80000,0x00000000ffd785e0,0x00000000ffd80000)
  to   space 18432K, 0% used [0x00000000fdc00000,0x00000000fdc00000,0x00000000fee00000)
 ParOldGen       total 175104K, used 18091K [0x00000000e0000000, 0x00000000eab00000, 0x00000000f5580000)
  object space 175104K, 10% used [0x00000000e0000000,0x00000000e11aadc8,0x00000000eab00000)
 Metaspace       used 51371K, capacity 53446K, committed 53632K, reserved 1095680K
  class space    used 6969K, capacity 7491K, committed 7552K, reserved 1048576K
}

Deoptimization events (10 events):
Event: 9.473 Thread 0x0000000018dd4000 Uncommon trap: reason=unstable_if action=reinterpret pc=0x0000000003bd6bf0 method=org.codehaus.groovy.runtime.metaclass.MetaMethodIndex.copyNonPrivateNonNewMetaMethods(Lorg/codehaus/groovy/runtime/metaclass/MetaMethodIndex$Entry;Lorg/codehaus/groovy/runti
Event: 9.474 Thread 0x0000000018dd4000 Uncommon trap: reason=unstable_if action=reinterpret pc=0x00000000037341b8 method=groovy.lang.MetaClassImpl$1MOPIter.methodNameAction(Ljava/lang/Class;Lorg/codehaus/groovy/runtime/metaclass/MetaMethodIndex$Entry;)V @ 182
Event: 9.513 Thread 0x0000000018dd4000 Uncommon trap: reason=null_check action=make_not_entrant pc=0x0000000003c3e79c method=java.lang.Class.searchMethods([Ljava/lang/reflect/Method;Ljava/lang/String;[Ljava/lang/Class;)Ljava/lang/reflect/Method; @ 59
Event: 9.513 Thread 0x0000000018dd4000 Uncommon trap: reason=null_check action=make_not_entrant pc=0x0000000003383570 method=java.lang.Class.searchMethods([Ljava/lang/reflect/Method;Ljava/lang/String;[Ljava/lang/Class;)Ljava/lang/reflect/Method; @ 59
Event: 9.580 Thread 0x0000000018dd4000 Uncommon trap: reason=unstable_if action=reinterpret pc=0x00000000036641d4 method=org.codehaus.groovy.runtime.metaclass.MetaMethodIndex.addMethodToList(Ljava/lang/Object;Lgroovy/lang/MetaMethod;)Ljava/lang/Object; @ 256
Event: 9.607 Thread 0x0000000018dd4000 Uncommon trap: reason=unstable_if action=reinterpret pc=0x0000000003974c90 method=java.util.HashMap.getNode(ILjava/lang/Object;)Ljava/util/HashMap$Node; @ 84
Event: 9.607 Thread 0x0000000018dd4000 Uncommon trap: reason=unstable_if action=reinterpret pc=0x0000000003751964 method=java.util.HashMap.putVal(ILjava/lang/Object;Ljava/lang/Object;ZZ)Ljava/lang/Object; @ 109
Event: 9.607 Thread 0x0000000018dd4000 Uncommon trap: reason=unstable_if action=reinterpret pc=0x00000000030798dc method=java.util.HashMap.getNode(ILjava/lang/Object;)Ljava/util/HashMap$Node; @ 84
Event: 9.608 Thread 0x0000000018dd4000 Uncommon trap: reason=unstable_if action=reinterpret pc=0x0000000002dfc3f4 method=java.util.HashMap.resize()[Ljava/util/HashMap$Node; @ 206
Event: 9.683 Thread 0x0000000018dd4000 Uncommon trap: reason=class_check action=maybe_recompile pc=0x000000000322cce8 method=java.util.WeakHashMap.eq(Ljava/lang/Object;Ljava/lang/Object;)Z @ 7

Classes redefined (0 events):
No events

Internal exceptions (10 events):
Event: 9.669 Thread 0x0000000018dd4000 Exception <a 'java/lang/ClassNotFoundException': org/gradle/api/internal/ConventionTaskCustomizer> (0x00000000fb26af10) thrown at [C:\cygwin64\tmp\build\source\java-1.8.0-openjdk\tmp\jdk8u\hotspot\src\share\vm\classfile\systemDictionary.cpp, line 217]
Event: 9.670 Thread 0x0000000018dd4000 Exception <a 'java/lang/ClassNotFoundException': org/gradle/api/tasks/AbstractCopyTaskCustomizer> (0x00000000fb2b4748) thrown at [C:\cygwin64\tmp\build\source\java-1.8.0-openjdk\tmp\jdk8u\hotspot\src\share\vm\classfile\systemDictionary.cpp, line 217]
Event: 9.672 Thread 0x0000000018dd4000 Exception <a 'java/lang/ClassNotFoundException': org/gradle/api/tasks/CopyCustomizer> (0x00000000fb36d278) thrown at [C:\cygwin64\tmp\build\source\java-1.8.0-openjdk\tmp\jdk8u\hotspot\src\share\vm\classfile\systemDictionary.cpp, line 217]
Event: 9.673 Thread 0x0000000018dd4000 Exception <a 'java/lang/ClassNotFoundException': org/gradle/api/tasks/Copy_DecoratedCustomizer> (0x00000000fb3be898) thrown at [C:\cygwin64\tmp\build\source\java-1.8.0-openjdk\tmp\jdk8u\hotspot\src\share\vm\classfile\systemDictionary.cpp, line 217]
Event: 9.680 Thread 0x0000000018dd4000 Exception <a 'java/lang/ClassNotFoundException': org/gradle/api/internal/artifacts/configurations/DefaultConfigurationContainer_DecoratedBeanInfo> (0x00000000fb6f14e8) thrown at [C:\cygwin64\tmp\build\source\java-1.8.0-openjdk\tmp\jdk8u\hotspot\src\share\
Event: 9.681 Thread 0x0000000018dd4000 Exception <a 'java/lang/ClassNotFoundException': org/gradle/api/internal/artifacts/configurations/DefaultConfigurationContainerBeanInfo> (0x00000000fb75c900) thrown at [C:\cygwin64\tmp\build\source\java-1.8.0-openjdk\tmp\jdk8u\hotspot\src\share\vm\classfi
Event: 9.682 Thread 0x0000000018dd4000 Exception <a 'java/lang/ClassNotFoundException': org/gradle/api/internal/AbstractValidatingNamedDomainObjectContainerBeanInfo> (0x00000000fb7a7580) thrown at [C:\cygwin64\tmp\build\source\java-1.8.0-openjdk\tmp\jdk8u\hotspot\src\share\vm\classfile\systemD
Event: 9.682 Thread 0x0000000018dd4000 Exception <a 'java/lang/ClassNotFoundException': org/gradle/api/internal/AbstractValidatingNamedDomainObjectContainerCustomizer> (0x00000000fb7f3120) thrown at [C:\cygwin64\tmp\build\source\java-1.8.0-openjdk\tmp\jdk8u\hotspot\src\share\vm\classfile\syste
Event: 9.684 Thread 0x0000000018dd4000 Exception <a 'java/lang/ClassNotFoundException': org/gradle/api/internal/artifacts/configurations/DefaultConfigurationContainerCustomizer> (0x00000000fb86e378) thrown at [C:\cygwin64\tmp\build\source\java-1.8.0-openjdk\tmp\jdk8u\hotspot\src\share\vm\class
Event: 9.685 Thread 0x0000000018dd4000 Exception <a 'java/lang/ClassNotFoundException': org/gradle/api/internal/artifacts/configurations/DefaultConfigurationContainer_DecoratedCustomizer> (0x00000000fb8fcdb8) thrown at [C:\cygwin64\tmp\build\source\java-1.8.0-openjdk\tmp\jdk8u\hotspot\src\shar

Events (10 events):
Event: 9.687 loading class org/gradle/internal/extensibility/ConventionAwareHelper$MappedPropertyImpl
Event: 9.687 loading class org/gradle/internal/extensibility/ConventionAwareHelper$MappedPropertyImpl done
Event: 9.687 loading class org/gradle/api/internal/ConventionMapping$MappedProperty
Event: 9.687 loading class org/gradle/api/internal/ConventionMapping$MappedProperty done
Event: 9.687 loading class org/gradle/internal/extensibility/ConventionAwareHelper$2
Event: 9.687 loading class org/gradle/internal/extensibility/ConventionAwareHelper$2 done
Event: 9.688 loading class org/gradle/internal/extensibility/ConventionAwareHelper$1
Event: 9.688 loading class org/gradle/internal/extensibility/ConventionAwareHelper$1 done
Event: 9.689 loading class org/gradle/api/internal/file/collections/DefaultConfigurableFileCollection$UnresolvedItemsCollector
Event: 9.689 loading class org/gradle/api/internal/file/collections/DefaultConfigurableFileCollection$UnresolvedItemsCollector done


Dynamic libraries:
0x00007ff7d1be0000 - 0x00007ff7d1c15000 	C:\Program Files\OpenJDK\openjdk-8u292-b10\bin\java.exe
0x00007ffa328b0000 - 0x00007ffa32aa5000 	C:\Windows\SYSTEM32\ntdll.dll
0x00007ffa30fd0000 - 0x00007ffa3108d000 	C:\Windows\System32\KERNEL32.DLL
0x00007ffa302a0000 - 0x00007ffa30568000 	C:\Windows\System32\KERNELBASE.dll
0x00007ffa313e0000 - 0x00007ffa3148c000 	C:\Windows\System32\ADVAPI32.dll
0x00007ffa31820000 - 0x00007ffa318be000 	C:\Windows\System32\msvcrt.dll
0x00007ffa30e70000 - 0x00007ffa30f0b000 	C:\Windows\System32\sechost.dll
0x00007ffa32630000 - 0x00007ffa3275b000 	C:\Windows\System32\RPCRT4.dll
0x00007ffa318d0000 - 0x00007ffa31a70000 	C:\Windows\System32\USER32.dll
0x00007ffa305d0000 - 0x00007ffa305f2000 	C:\Windows\System32\win32u.dll
0x00007ffa30f10000 - 0x00007ffa30f3a000 	C:\Windows\System32\GDI32.dll
0x00007ffa306b0000 - 0x00007ffa307bb000 	C:\Windows\System32\gdi32full.dll
0x00007ffa2fff0000 - 0x00007ffa3008d000 	C:\Windows\System32\msvcp_win.dll
0x00007ffa30110000 - 0x00007ffa30210000 	C:\Windows\System32\ucrtbase.dll
0x00007ffa1dd70000 - 0x00007ffa1e00a000 	C:\Windows\WinSxS\amd64_microsoft.windows.common-controls_6595b64144ccf1df_6.0.19041.1052_none_60b8f8fd71f5e8cb\COMCTL32.dll
0x00007ffa32600000 - 0x00007ffa32630000 	C:\Windows\System32\IMM32.DLL
0x00000000705b0000 - 0x0000000070682000 	C:\Program Files\OpenJDK\openjdk-8u292-b10\jre\bin\msvcr100.dll
0x000000006fd10000 - 0x00000000705a5000 	C:\Program Files\OpenJDK\openjdk-8u292-b10\jre\bin\server\jvm.dll
0x00007ffa318c0000 - 0x00007ffa318c8000 	C:\Windows\System32\PSAPI.DLL
0x00007ffa274c0000 - 0x00007ffa274ca000 	C:\Windows\SYSTEM32\VERSION.dll
0x00007ffa1a0d0000 - 0x00007ffa1a0f7000 	C:\Windows\SYSTEM32\WINMM.dll
0x00007ffa27e60000 - 0x00007ffa27e69000 	C:\Windows\SYSTEM32\WSOCK32.dll
0x00007ffa312f0000 - 0x00007ffa3135b000 	C:\Windows\System32\WS2_32.dll
0x00007ffa27bf0000 - 0x00007ffa27bff000 	C:\Program Files\OpenJDK\openjdk-8u292-b10\jre\bin\verify.dll
0x00007ffa27680000 - 0x00007ffa276a9000 	C:\Program Files\OpenJDK\openjdk-8u292-b10\jre\bin\java.dll
0x00007ffa21170000 - 0x00007ffa21186000 	C:\Program Files\OpenJDK\openjdk-8u292-b10\jre\bin\zip.dll
0x00007ffa31de0000 - 0x00007ffa3251f000 	C:\Windows\System32\SHELL32.dll
0x00007ffa2e140000 - 0x00007ffa2e8d0000 	C:\Windows\SYSTEM32\windows.storage.dll
0x00007ffa31a70000 - 0x00007ffa31dc5000 	C:\Windows\System32\combase.dll
0x00007ffa2fa60000 - 0x00007ffa2fa8c000 	C:\Windows\SYSTEM32\Wldp.dll
0x00007ffa32760000 - 0x00007ffa3280e000 	C:\Windows\System32\SHCORE.dll
0x00007ffa316e0000 - 0x00007ffa31735000 	C:\Windows\System32\shlwapi.dll
0x00007ffa2ff30000 - 0x00007ffa2ff4f000 	C:\Windows\SYSTEM32\profapi.dll
0x00007ffa21110000 - 0x00007ffa2112b000 	C:\Program Files\OpenJDK\openjdk-8u292-b10\jre\bin\net.dll
0x00007ffa2f7d0000 - 0x00007ffa2f83a000 	C:\Windows\system32\mswsock.dll
0x00007ffa20d90000 - 0x00007ffa20da2000 	C:\Program Files\OpenJDK\openjdk-8u292-b10\jre\bin\nio.dll
0x00007ffa1fdd0000 - 0x00007ffa1fdf6000 	C:\Users\korop\.gradle\native\fdc75f09e3144964f2cf3f50f0aa648679c211496f362492102eb8c894070792\windows-amd64\native-platform.dll
0x00007ff9cfb30000 - 0x00007ff9cfcc1000 	C:\Users\korop\.gradle\native\12488b8bf47d2d4c9fbf2f6322a914ad602e24e48041cd04a747c6da556b65c4\windows-amd64\native-platform-file-events.dll
0x00007ffa21c60000 - 0x00007ffa21c6d000 	C:\Program Files\OpenJDK\openjdk-8u292-b10\jre\bin\management.dll
0x00007ffa2f9a0000 - 0x00007ffa2f9b8000 	C:\Windows\SYSTEM32\CRYPTSP.dll
0x00007ffa2f100000 - 0x00007ffa2f134000 	C:\Windows\system32\rsaenh.dll
0x00007ffa30090000 - 0x00007ffa300b7000 	C:\Windows\System32\bcrypt.dll
0x00007ffa2fef0000 - 0x00007ffa2ff1e000 	C:\Windows\SYSTEM32\USERENV.dll
0x00007ffa30210000 - 0x00007ffa30293000 	C:\Windows\System32\bcryptprimitives.dll
0x00007ffa2f9c0000 - 0x00007ffa2f9cc000 	C:\Windows\SYSTEM32\CRYPTBASE.dll
0x00007ffa2f470000 - 0x00007ffa2f4ab000 	C:\Windows\SYSTEM32\IPHLPAPI.DLL
0x00007ffa325f0000 - 0x00007ffa325f8000 	C:\Windows\System32\NSI.dll
0x00007ffa269d0000 - 0x00007ffa269e7000 	C:\Windows\SYSTEM32\dhcpcsvc6.DLL
0x00007ffa26940000 - 0x00007ffa2695d000 	C:\Windows\SYSTEM32\dhcpcsvc.DLL
0x00007ffa2f4c0000 - 0x00007ffa2f58c000 	C:\Windows\SYSTEM32\DNSAPI.dll
0x00007ffa27220000 - 0x00007ffa2722b000 	C:\Windows\SYSTEM32\WINNSI.DLL

VM Arguments:
jvm_args: -XX:MaxMetaspaceSize=256m -XX:+HeapDumpOnOutOfMemoryError -Xms256m -Xmx512m -Dfile.encoding=windows-1251 -Duser.country=UA -Duser.language=uk -Duser.variant 
java_command: org.gradle.launcher.daemon.bootstrap.GradleDaemon 6.7
java_class_path (initial): C:\Users\korop\.gradle\wrapper\dists\gradle-6.7-all\cuy9mc7upwgwgeb72wkcrupxe\gradle-6.7\lib\gradle-launcher-6.7.jar
Launcher Type: SUN_STANDARD

Environment Variables:
JAVA_HOME=C:\Program Files\OpenJDK\openjdk-8u292-b10
CLASSPATH=D:\DIMA_Projects\React Native\Paintgram_client\android\\gradle\wrapper\gradle-wrapper.jar
PATH=D:\DIMA_Projects\React Native\Paintgram_client\android\node_modules\.bin;D:\DIMA_Projects\React Native\Paintgram_client\node_modules\.bin;D:\DIMA_Projects\React Native\node_modules\.bin;D:\DIMA_Projects\node_modules\.bin;D:\node_modules\.bin;C:\Program Files\nodejs;D:\DIMA_Projects\React Native\Paintgram_client\node_modules\.bin;D:\DIMA_Projects\React Native\node_modules\.bin;D:\DIMA_Projects\node_modules\.bin;D:\node_modules\.bin;C:\Program Files\nodejs\node_modules\npm\node_modules\@npmcli\run-script\lib\node-gyp-bin;C:\Program Files\Microsoft MPI\Bin\;C:\Program Files (x86)\Common Files\Oracle\Java\javapath;C:\Windows\system32;C:\Windows;C:\Windows\System32\Wbem;C:\Windows\System32\WindowsPowerShell\v1.0\;C:\Windows\System32\OpenSSH\;C:\Program Files\NVIDIA Corporation\NVIDIA NvDLISR;C:\Program Files (x86)\NVIDIA Corporation\PhysX\Common;C:\Program Files\Microsoft SQL Server\130\Tools\Binn\;C:\Program Files\Microsoft SQL Server\Client SDK\ODBC\170\Tools\Binn\;C:\ProgramData\chocolatey\bin;C:\Program Files\Git\cmd;C:\Program Files\Azure Data Studio\bin;C:\php-7.4.12-nts-Win32-vc15-x64;C:\composer;C:\Program Files\Microsoft SQL Server\Client SDK\ODBC\130\Tools\Binn\;C:\Program Files\dotnet\;C:\Program Files (x86)\Yarn\bin\;C:\Program Files\Go\bin;C:\TDM-GCC-64\bin;C:\Program Files\nodejs\;C:\Program Files\OpenJDK\openjdk-8u292-b10\bin;C:\src\flutter\bin;C:\Users\korop\AppData\Local\Programs\Microsoft VS Code\bin;C:\Users\korop\AppData\Roaming\npm;C:\Users\korop\AppData\Local\Android\Sdk\platform-tools;;D:\DIMA_Projects\React Native\Paintgram_client\node_modules\.bin
USERNAME=korop
OS=Windows_NT
PROCESSOR_IDENTIFIER=Intel64 Family 6 Model 158 Stepping 10, GenuineIntel



---------------  S Y S T E M  ---------------

OS: Windows 10.0 , 64 bit Build 19041 (10.0.19041.1023)

CPU:total 8 (initial active 8) (4 cores per cpu, 2 threads per core) family 6 model 158 stepping 10, cmov, cx8, fxsr, mmx, sse, sse2, sse3, ssse3, sse4.1, sse4.2, popcnt, avx, avx2, aes, clmul, erms, 3dnowpref, lzcnt, ht, tsc, tscinvbit, bmi1, bmi2, adx

Memory: 4k page, physical 16648404k(1675280k free), swap 47158224k(4108k free)

vm_info: OpenJDK 64-Bit Server VM (25.292-b10) for windows-amd64 JRE (1.8.0_292-b10), built on Apr  9 2021 12:12:51 by "build" with MS VC++ 10.0 (VS2010)

time: Sat Jul 03 18:30:41 2021
timezone: Ô³íëÿíä³ÿ (ë³òî)
elapsed time: 10.039430 seconds (0d 0h 0m 10s)

